c:\users\curti\repositories\summer2023\mavgen_test\build\main.dir\debug\vc143.pdb
c:\users\curti\repositories\summer2023\mavgen_test\build\main.dir\debug\main.obj
c:\users\curti\repositories\summer2023\mavgen_test\build\cmakefiles\generate.stamp
c:\users\curti\repositories\summer2023\mavgen_test\build\debug\main.exe
c:\users\curti\repositories\summer2023\mavgen_test\build\main.dir\debug\main.ilk
c:\users\curti\repositories\summer2023\mavgen_test\build\debug\main.pdb
c:\users\curti\repositories\summer2023\mavgen_patch\build\main.dir\debug\main.obj
c:\users\curti\repositories\summer2023\mavgen_patch\build\main.dir\debug\main.ilk
c:\users\curti\repositories\summer2023\mavgen_patch\build\main.dir\debug\vc143.pdb
c:\users\curti\repositories\summer2023\mavgen_patch\build\debug\main.pdb
c:\users\curti\repositories\summer2023\mavgen_patch\build\debug\main.exe
c:\users\curti\repositories\summer2023\mavgen_patch\build\main.dir\debug\main.tlog\cl.command.1.tlog
c:\users\curti\repositories\summer2023\mavgen_patch\build\main.dir\debug\main.tlog\cl.read.1.tlog
c:\users\curti\repositories\summer2023\mavgen_patch\build\main.dir\debug\main.tlog\cl.write.1.tlog
c:\users\curti\repositories\summer2023\mavgen_patch\build\main.dir\debug\main.tlog\custombuild.command.1.tlog
c:\users\curti\repositories\summer2023\mavgen_patch\build\main.dir\debug\main.tlog\custombuild.read.1.tlog
c:\users\curti\repositories\summer2023\mavgen_patch\build\main.dir\debug\main.tlog\custombuild.write.1.tlog
c:\users\curti\repositories\summer2023\mavgen_patch\build\main.dir\debug\main.tlog\link.command.1.tlog
c:\users\curti\repositories\summer2023\mavgen_patch\build\main.dir\debug\main.tlog\link.read.1.tlog
c:\users\curti\repositories\summer2023\mavgen_patch\build\main.dir\debug\main.tlog\link.write.1.tlog
